<?xml version="1.0" encoding="UTF-8"?>
<!-- Generated by org.testng.reporters.JUnitReportReporter -->
<testsuite hostname="user-PC" name="com.example.tests.NonEmptyContactCreationTest" tests="1" failures="0" timestamp="3 Jan 2015 20:15:23 GMT" time="2.532" errors="0">
  <testcase name="testNonEmptyContactCreation" time="2.532" classname="com.example.tests.NonEmptyContactCreationTest"/>
</testsuite> <!-- com.example.tests.NonEmptyContactCreationTest -->
