<?xml version="1.0" encoding="UTF-8"?>
<!-- Generated by org.testng.reporters.JUnitReportReporter -->
<testsuite hostname="user-PC" name="com.example.tests.GroupCreationTests" tests="2" failures="0" timestamp="2 Jan 2015 19:22:10 GMT" time="3.236" errors="0">
  <testcase name="testNonEmptyGroupCreation" time="1.614" classname="com.example.tests.GroupCreationTests"/>
  <testcase name="testEmptyGroupCreation" time="1.622" classname="com.example.tests.GroupCreationTests"/>
</testsuite> <!-- com.example.tests.GroupCreationTests -->
