<?xml version="1.0" encoding="UTF-8"?>
<!-- Generated by org.testng.reporters.JUnitReportReporter -->
<testsuite hostname="user-PC" name="com.example.tests.EmptyContactCreationTest" tests="1" failures="0" timestamp="3 Jan 2015 20:15:23 GMT" time="1.904" errors="0">
  <testcase name="testEmptyContactCreation" time="1.904" classname="com.example.tests.EmptyContactCreationTest"/>
</testsuite> <!-- com.example.tests.EmptyContactCreationTest -->
