<?xml version="1.0" encoding="UTF-8"?>
<!-- Generated by org.testng.reporters.JUnitReportReporter -->
<testsuite hostname="user-PC" name="com.example.tests.GroupCreationTests" tests="2" failures="0" timestamp="3 Jan 2015 20:15:23 GMT" time="3.278" errors="0">
  <testcase name="testEmptyGroupCreation" time="1.648" classname="com.example.tests.GroupCreationTests"/>
  <testcase name="testNonEmptyGroupCreation" time="1.630" classname="com.example.tests.GroupCreationTests"/>
</testsuite> <!-- com.example.tests.GroupCreationTests -->
