<?xml version="1.0" encoding="UTF-8"?>
<!-- Generated by org.testng.reporters.JUnitReportReporter -->
<testsuite hostname="user-PC" name="com.example.tests.ContactCreationTests" tests="2" failures="0" timestamp="6 Jan 2015 21:23:18 GMT" time="5.321" errors="0">
  <testcase name="testNonEmptyContactCreation" time="2.736" classname="com.example.tests.ContactCreationTests"/>
  <testcase name="testEmptyContactCreation" time="2.585" classname="com.example.tests.ContactCreationTests"/>
</testsuite> <!-- com.example.tests.ContactCreationTests -->
