<?xml version="1.0" encoding="UTF-8"?>
<!-- Generated by org.testng.reporters.JUnitReportReporter -->
<testsuite hostname="user-PC" name="com.example.tests.AlsoGroupCreationTests" tests="2" failures="0" timestamp="2 Jan 2015 19:22:10 GMT" time="2.550" errors="0">
  <testcase name="testEmptyGroupCreation" time="1.262" classname="com.example.tests.AlsoGroupCreationTests"/>
  <testcase name="testNonEmptyGroupCreation" time="1.288" classname="com.example.tests.AlsoGroupCreationTests"/>
</testsuite> <!-- com.example.tests.AlsoGroupCreationTests -->
