<?xml version="1.0" encoding="UTF-8"?>
<!-- Generated by org.testng.reporters.JUnitReportReporter -->
<testsuite hostname="user-PC" name="com.example.tests.ContactCreationTests" tests="2" failures="0" timestamp="3 Jan 2015 19:50:17 GMT" time="4.504" errors="0">
  <testcase name="testEmptyContactCreation" time="2.002" classname="com.example.tests.ContactCreationTests"/>
  <testcase name="testNonEmptyContactCreation" time="2.502" classname="com.example.tests.ContactCreationTests"/>
</testsuite> <!-- com.example.tests.ContactCreationTests -->
